<?xml version="1.0" encoding="UTF-8"?>
<!-- Generated by org.testng.reporters.JUnitReportReporter -->
<testsuite hostname="BANLWR9135DV1" failures="0" tests="1" name="CucumberTest.FirstProject.TestNGTestRunner" time="52.893" errors="0" timestamp="2024-09-22T20:37:07 IST" skipped="0">
  <testcase classname="CucumberTest.FirstProject.TestNGTestRunner" name="runScenario" time="52.893"/>
  <system-out/>
</testsuite> <!-- CucumberTest.FirstProject.TestNGTestRunner -->
